0 info it worked if it ends with ok
1 verbose cli [ '/home/hellon/.nvm/versions/node/v6.9.0/bin/node',
1 verbose cli   '/home/hellon/.nvm/versions/node/v6.9.0/bin/npm',
1 verbose cli   'start' ]
2 info using npm@3.10.8
3 info using node@v6.9.0
4 verbose run-script [ 'prestart', 'start', 'poststart' ]
5 info lifecycle meteor-server@~prestart: meteor-server@
6 silly lifecycle meteor-server@~prestart: no script for prestart, continuing
7 info lifecycle meteor-server@~start: meteor-server@
8 verbose lifecycle meteor-server@~start: unsafe-perm in lifecycle true
9 verbose lifecycle meteor-server@~start: PATH: /home/hellon/.nvm/versions/node/v6.9.0/lib/node_modules/npm/bin/node-gyp-bin:/home/hellon/Dropbox/code/uListMe/meteor/node_modules/.bin:/usr/local/heroku/bin:/home/hellon/mongochef-4.3.0-linux-x64-dist/bin:/home/hellon/.nvm/versions/node/v6.9.0/bin:/usr/local/sbin:/usr/local/bin:/usr/sbin:/usr/bin:/sbin:/bin:/usr/games:/usr/local/games:/snap/bin:/home/hellon/Android/Sdk/tools:/home/hellon/Android/Sdk/platform-tools:/usr/lib/jvm/jdk1.8.0_111:~/anki-2.0.39/bin:/home/hellon/umlet
10 verbose lifecycle meteor-server@~start: CWD: /home/hellon/Dropbox/code/uListMe/meteor
11 silly lifecycle meteor-server@~start: Args: [ '-c', 'meteor --settings settings.json' ]
12 silly lifecycle meteor-server@~start: Returned: code: 1  signal: null
13 info lifecycle meteor-server@~start: Failed to exec start script
14 verbose stack Error: meteor-server@ start: `meteor --settings settings.json`
14 verbose stack Exit status 1
14 verbose stack     at EventEmitter.<anonymous> (/home/hellon/.nvm/versions/node/v6.9.0/lib/node_modules/npm/lib/utils/lifecycle.js:255:16)
14 verbose stack     at emitTwo (events.js:106:13)
14 verbose stack     at EventEmitter.emit (events.js:191:7)
14 verbose stack     at ChildProcess.<anonymous> (/home/hellon/.nvm/versions/node/v6.9.0/lib/node_modules/npm/lib/utils/spawn.js:40:14)
14 verbose stack     at emitTwo (events.js:106:13)
14 verbose stack     at ChildProcess.emit (events.js:191:7)
14 verbose stack     at maybeClose (internal/child_process.js:877:16)
14 verbose stack     at Process.ChildProcess._handle.onexit (internal/child_process.js:226:5)
15 verbose pkgid meteor-server@
16 verbose cwd /home/hellon/Dropbox/code/uListMe/meteor
17 error Linux 4.8.0-34-generic
18 error argv "/home/hellon/.nvm/versions/node/v6.9.0/bin/node" "/home/hellon/.nvm/versions/node/v6.9.0/bin/npm" "start"
19 error node v6.9.0
20 error npm  v3.10.8
21 error code ELIFECYCLE
22 error meteor-server@ start: `meteor --settings settings.json`
22 error Exit status 1
23 error Failed at the meteor-server@ start script 'meteor --settings settings.json'.
23 error Make sure you have the latest version of node.js and npm installed.
23 error If you do, this is most likely a problem with the meteor-server package,
23 error not with npm itself.
23 error Tell the author that this fails on your system:
23 error     meteor --settings settings.json
23 error You can get information on how to open an issue for this project with:
23 error     npm bugs meteor-server
23 error Or if that isn't available, you can get their info via:
23 error     npm owner ls meteor-server
23 error There is likely additional logging output above.
24 verbose exit [ 1, true ]
